<?xml version="1.0" encoding="UTF-8"?>
<!-- Generated by org.testng.reporters.JUnitXMLReporter -->
<testsuite ignored="0" hostname="DESKTOP-GGR6O85" failures="0" tests="4" name="Default test" time="7.593" errors="0" timestamp="2025-02-18T09:02:18 GMT+05:45">
  <testcase classname="overallTest.SaucedemoTest" name="loginWithValidCredentials" time="0.785"/>
  <testcase classname="overallTest.SaucedemoTest" name="addToCart" time="0.157"/>
  <testcase classname="overallTest.SaucedemoTest" name="checkoutProcess" time="0.857"/>
  <testcase classname="overallTest.SaucedemoTest" name="logout" time="0.871"/>
</testsuite> <!-- Default test -->
