<?xml version="1.0" encoding="UTF-8"?>
<testng-results ignored="0" total="4" passed="4" failed="0" skipped="0">
  <reporter-output>
  </reporter-output>
  <suite started-at="2025-02-18T09:02:10 GMT+05:45" name="Default suite" finished-at="2025-02-18T09:02:18 GMT+05:45" duration-ms="7593">
    <groups>
    </groups>
    <test started-at="2025-02-18T09:02:10 GMT+05:45" name="Default test" finished-at="2025-02-18T09:02:18 GMT+05:45" duration-ms="7593">
      <class name="overallTest.SaucedemoTest">
        <test-method is-config="true" signature="setup()[pri:0, instance:overallTest.SaucedemoTest@71d44a3]" started-at="2025-02-18T09:02:10 GMT+05:45" name="setup" finished-at="2025-02-18T09:02:15 GMT+05:45" duration-ms="4435" status="PASS">
          <reporter-output>
          </reporter-output>
        </test-method> <!-- setup -->
        <test-method signature="loginWithValidCredentials(java.lang.String,java.lang.String)[pri:1, instance:overallTest.SaucedemoTest@71d44a3]" started-at="2025-02-18T09:02:15 GMT+05:45" name="loginWithValidCredentials" data-provider="loginData" finished-at="2025-02-18T09:02:15 GMT+05:45" duration-ms="785" status="PASS">
          <params>
            <param index="0">
              <value>
                <![CDATA[standard_user]]>
              </value>
            </param>
            <param index="1">
              <value>
                <![CDATA[secret_sauce]]>
              </value>
            </param>
          </params>
          <reporter-output>
          </reporter-output>
        </test-method> <!-- loginWithValidCredentials -->
        <test-method signature="addToCart()[pri:2, instance:overallTest.SaucedemoTest@71d44a3]" started-at="2025-02-18T09:02:15 GMT+05:45" name="addToCart" finished-at="2025-02-18T09:02:16 GMT+05:45" duration-ms="157" status="PASS">
          <reporter-output>
          </reporter-output>
        </test-method> <!-- addToCart -->
        <test-method signature="checkoutProcess()[pri:3, instance:overallTest.SaucedemoTest@71d44a3]" started-at="2025-02-18T09:02:16 GMT+05:45" name="checkoutProcess" finished-at="2025-02-18T09:02:16 GMT+05:45" duration-ms="857" status="PASS">
          <reporter-output>
          </reporter-output>
        </test-method> <!-- checkoutProcess -->
        <test-method signature="logout()[pri:4, instance:overallTest.SaucedemoTest@71d44a3]" started-at="2025-02-18T09:02:16 GMT+05:45" name="logout" finished-at="2025-02-18T09:02:17 GMT+05:45" duration-ms="871" status="PASS">
          <reporter-output>
          </reporter-output>
        </test-method> <!-- logout -->
        <test-method is-config="true" signature="tearDown()[pri:0, instance:overallTest.SaucedemoTest@71d44a3]" started-at="2025-02-18T09:02:17 GMT+05:45" name="tearDown" finished-at="2025-02-18T09:02:18 GMT+05:45" duration-ms="382" status="PASS">
          <reporter-output>
          </reporter-output>
        </test-method> <!-- tearDown -->
      </class> <!-- overallTest.SaucedemoTest -->
    </test> <!-- Default test -->
  </suite> <!-- Default suite -->
</testng-results>
